<?xml version="1.0" encoding="UTF-8"?>
<!-- Generated by org.testng.reporters.JUnitReportReporter -->
<testsuite hostname="AishwaryaShinde" failures="0" tests="4" name="org.tests.qa.LoginTestDataDriven_ExcelSheet" time="21.030" errors="0" timestamp="2026-04-28T22:12:27 IST" skipped="0">
  <testcase classname="org.tests.qa.LoginTestDataDriven_ExcelSheet" name="TC001_ValidloginTest" time="4.571"/>
  <testcase classname="org.tests.qa.LoginTestDataDriven_ExcelSheet" name="TC001_ValidloginTest" time="5.233"/>
  <testcase classname="org.tests.qa.LoginTestDataDriven_ExcelSheet" name="TC001_ValidloginTest" time="5.531"/>
  <testcase classname="org.tests.qa.LoginTestDataDriven_ExcelSheet" name="TC001_ValidloginTest" time="5.695"/>
</testsuite> <!-- org.tests.qa.LoginTestDataDriven_ExcelSheet -->
