<?xml version="1.0" encoding="UTF-8"?>
<!-- Generated by org.testng.reporters.JUnitReportReporter -->
<testsuite hostname="AishwaryaShinde" failures="0" tests="3" name="org.tests.qa.ExtentReport3" time="48.506" errors="0" timestamp="2026-05-01T00:45:09 IST" skipped="0">
  <testcase classname="org.tests.qa.ExtentReport3" name="TC002_DisappearingElements" time="21.620"/>
  <testcase classname="org.tests.qa.ExtentReport3" name="TC001_ABTesting" time="17.661"/>
  <testcase classname="org.tests.qa.ExtentReport3" name="TC003_Checkbox" time="9.225"/>
</testsuite> <!-- org.tests.qa.ExtentReport3 -->
